[2026-05-03 10:47:50,591] [8040] [MainThread] [INFO] (monailabel.interfaces.utils.app:36) - Initializing App from: C:\Users\ELAL\Desktop\projects\Cancer-detection-AI\monai_server\radiology; studies: C:\Users\ELAL\Desktop\projects\Cancer-detection-AI\monai_server\dataset; conf: {}
[2026-05-03 10:47:50,741] [8040] [MainThread] [INFO] (monailabel.utils.others.class_utils:57) - Subclass for MONAILabelApp Found: <class 'main.MyApp'>
[2026-05-03 10:47:50,840] [8040] [MainThread] [INFO] (monailabel.utils.others.class_utils:57) - Subclass for TaskConfig Found: <class 'lib.configs.deepedit.DeepEdit'>
[2026-05-03 10:47:50,844] [8040] [MainThread] [INFO] (monailabel.utils.others.class_utils:57) - Subclass for TaskConfig Found: <class 'lib.configs.deepgrow_2d.Deepgrow2D'>
[2026-05-03 10:47:50,849] [8040] [MainThread] [INFO] (monailabel.utils.others.class_utils:57) - Subclass for TaskConfig Found: <class 'lib.configs.deepgrow_3d.Deepgrow3D'>
[2026-05-03 10:47:50,852] [8040] [MainThread] [INFO] (monailabel.utils.others.class_utils:57) - Subclass for TaskConfig Found: <class 'lib.configs.localization_spine.LocalizationSpine'>
[2026-05-03 10:47:50,856] [8040] [MainThread] [INFO] (monailabel.utils.others.class_utils:57) - Subclass for TaskConfig Found: <class 'lib.configs.localization_vertebra.LocalizationVertebra'>
[2026-05-03 10:47:50,862] [8040] [MainThread] [INFO] (monailabel.utils.others.class_utils:57) - Subclass for TaskConfig Found: <class 'lib.configs.segmentation.Segmentation'>
[2026-05-03 10:47:50,866] [8040] [MainThread] [INFO] (monailabel.utils.others.class_utils:57) - Subclass for TaskConfig Found: <class 'lib.configs.segmentation_spleen.SegmentationSpleen'>
[2026-05-03 10:47:50,870] [8040] [MainThread] [INFO] (monailabel.utils.others.class_utils:57) - Subclass for TaskConfig Found: <class 'lib.configs.segmentation_vertebra.SegmentationVertebra'>
[2026-05-03 10:47:50,873] [8040] [MainThread] [INFO] (monailabel.utils.others.class_utils:57) - Subclass for TaskConfig Found: <class 'lib.configs.sw_fastedit.SWFastEditConfig'>
[2026-05-03 10:49:17,083] [25824] [MainThread] [INFO] (monailabel.interfaces.utils.app:36) - Initializing App from: C:\Users\ELAL\Desktop\projects\Cancer-detection-AI\monai_server\radiology; studies: C:\Users\ELAL\Desktop\projects\Cancer-detection-AI\monai_server\dataset; conf: {'models': 'segmentation'}
[2026-05-03 10:49:17,153] [25824] [MainThread] [INFO] (monailabel.utils.others.class_utils:57) - Subclass for MONAILabelApp Found: <class 'main.MyApp'>
[2026-05-03 10:49:17,171] [25824] [MainThread] [INFO] (monailabel.utils.others.class_utils:57) - Subclass for TaskConfig Found: <class 'lib.configs.deepedit.DeepEdit'>
[2026-05-03 10:49:17,172] [25824] [MainThread] [INFO] (monailabel.utils.others.class_utils:57) - Subclass for TaskConfig Found: <class 'lib.configs.deepgrow_2d.Deepgrow2D'>
[2026-05-03 10:49:17,174] [25824] [MainThread] [INFO] (monailabel.utils.others.class_utils:57) - Subclass for TaskConfig Found: <class 'lib.configs.deepgrow_3d.Deepgrow3D'>
[2026-05-03 10:49:17,175] [25824] [MainThread] [INFO] (monailabel.utils.others.class_utils:57) - Subclass for TaskConfig Found: <class 'lib.configs.localization_spine.LocalizationSpine'>
[2026-05-03 10:49:17,177] [25824] [MainThread] [INFO] (monailabel.utils.others.class_utils:57) - Subclass for TaskConfig Found: <class 'lib.configs.localization_vertebra.LocalizationVertebra'>
[2026-05-03 10:49:17,180] [25824] [MainThread] [INFO] (monailabel.utils.others.class_utils:57) - Subclass for TaskConfig Found: <class 'lib.configs.segmentation.Segmentation'>
[2026-05-03 10:49:17,181] [25824] [MainThread] [INFO] (monailabel.utils.others.class_utils:57) - Subclass for TaskConfig Found: <class 'lib.configs.segmentation_spleen.SegmentationSpleen'>
[2026-05-03 10:49:17,182] [25824] [MainThread] [INFO] (monailabel.utils.others.class_utils:57) - Subclass for TaskConfig Found: <class 'lib.configs.segmentation_vertebra.SegmentationVertebra'>
[2026-05-03 10:49:17,183] [25824] [MainThread] [INFO] (monailabel.utils.others.class_utils:57) - Subclass for TaskConfig Found: <class 'lib.configs.sw_fastedit.SWFastEditConfig'>
[2026-05-03 10:49:17,184] [25824] [MainThread] [INFO] (main:95) - +++ Adding Model: segmentation => lib.configs.segmentation.Segmentation
[2026-05-03 10:49:17,184] [25824] [MainThread] [INFO] (monailabel.utils.others.generic:187) - Downloading resource: C:\Users\ELAL\Desktop\projects\Cancer-detection-AI\monai_server\radiology\model\pretrained_segmentation.pt from https://github.com/Project-MONAI/MONAILabel/releases/download/pretrained/radiology_segmentation_segresnet_multilabel.pt
[2026-05-03 10:49:21,996] [25824] [MainThread] [INFO] (main:98) - +++ Using Models: ['segmentation']
[2026-05-03 10:49:21,997] [25824] [MainThread] [INFO] (monailabel.interfaces.app:139) - Init Datastore for: C:\Users\ELAL\Desktop\projects\Cancer-detection-AI\monai_server\dataset
[2026-05-03 10:49:21,998] [25824] [MainThread] [INFO] (monailabel.datastore.local:130) - Auto Reload: True; Extensions: ['*.nii.gz', '*.nii', '*.nrrd', '*.jpg', '*.png', '*.tif', '*.svs', '*.xml']
[2026-05-03 10:49:22,006] [25824] [MainThread] [INFO] (monailabel.datastore.local:594) - Adding New Image: CT_OB_2.5_MM_S102 => CT_OB_2.5_MM_S102.nii.gz
[2026-05-03 10:49:22,011] [25824] [MainThread] [INFO] (monailabel.datastore.local:577) - Invalidate count: 1
[2026-05-03 10:49:22,014] [25824] [MainThread] [INFO] (monailabel.datastore.local:151) - Start observing external modifications on datastore (AUTO RELOAD)
[2026-05-03 10:49:22,021] [25824] [MainThread] [INFO] (main:129) - +++ Adding Inferer:: segmentation => <lib.infers.segmentation.Segmentation object at 0x00000201521B3AC0>
[2026-05-03 10:49:22,278] [25824] [MainThread] [INFO] (monailabel.sam2.infer:65) - Image Cache Initialized: C:\Users\ELAL\.cache\monailabel\sam2
[2026-05-03 10:49:22,279] [25824] [MainThread] [INFO] (timeloop:60) - Starting Timeloop..
[2026-05-03 10:49:22,279] [25824] [MainThread] [INFO] (timeloop:42) - Registered job <function ImageCache.monitor.<locals>.run_scheduler at 0x00000201525F2F80>
[2026-05-03 10:49:22,280] [25824] [MainThread] [INFO] (timeloop:63) - Timeloop now started. Jobs will run based on the interval set
[2026-05-03 10:49:22,282] [25824] [MainThread] [INFO] (monailabel.utils.others.generic:187) - Downloading resource: C:\Users\ELAL\Desktop\projects\Cancer-detection-AI\monai_server\radiology\model\sam2_hiera_large.pt from https://huggingface.co/facebook/sam2-hiera-large/resolve/main/sam2_hiera_large.pt
[2026-05-03 10:49:40,839] [25824] [MainThread] [INFO] (monailabel.utils.others.generic:187) - Downloading resource: C:\Users\ELAL\Desktop\projects\Cancer-detection-AI\monai_server\radiology\model\sam2_hiera_l.yaml from https://huggingface.co/facebook/sam2-hiera-large/resolve/main/sam2_hiera_l.yaml
[2026-05-03 10:49:42,435] [25824] [MainThread] [INFO] (main:206) - {'segmentation': <lib.infers.segmentation.Segmentation object at 0x00000201521B3AC0>, 'Histogram+GraphCut': <monailabel.scribbles.infer.HistogramBasedGraphCut object at 0x00000201521B3B20>, 'GMM+GraphCut': <monailabel.scribbles.infer.GMMBasedGraphCut object at 0x00000201521B3AF0>, 'sam_2d': <monailabel.sam2.infer.Sam2InferTask object at 0x000002015240AC20>, 'sam_3d': <monailabel.sam2.infer.Sam2InferTask object at 0x0000020152604100>}
[2026-05-03 10:49:42,436] [25824] [MainThread] [INFO] (main:221) - +++ Adding Trainer:: segmentation => <lib.trainers.segmentation.Segmentation object at 0x0000020152527E80>
[2026-05-03 10:49:42,436] [25824] [MainThread] [INFO] (monailabel.utils.sessions:51) - Session Path: C:\Users\ELAL\.cache\monailabel\sessions
[2026-05-03 10:49:42,436] [25824] [MainThread] [INFO] (monailabel.utils.sessions:52) - Session Expiry (max): 3600
[2026-05-03 10:49:42,437] [25824] [MainThread] [INFO] (monailabel.interfaces.app:480) - App Init - completed
[2026-05-03 10:49:42,438] [25824] [MainThread] [INFO] (timeloop:60) - Starting Timeloop..
[2026-05-03 10:49:42,439] [25824] [MainThread] [INFO] (timeloop:42) - Registered job <function MONAILabelApp.on_init_complete.<locals>.run_scheduler at 0x00000201525F35B0>
[2026-05-03 10:49:42,440] [25824] [MainThread] [INFO] (timeloop:63) - Timeloop now started. Jobs will run based on the interval set
[2026-05-03 11:01:06,487] [16048] [MainThread] [INFO] (monailabel.interfaces.utils.app:36) - Initializing App from: C:\Users\ELAL\Desktop\projects\Cancer-detection-AI\monai_server\radiology; studies: C:\Users\ELAL\Desktop\projects\Cancer-detection-AI\monai_server\dataset; conf: {'models': 'segmentation'}
[2026-05-03 11:01:06,564] [16048] [MainThread] [INFO] (monailabel.utils.others.class_utils:57) - Subclass for MONAILabelApp Found: <class 'main.MyApp'>
[2026-05-03 11:01:06,587] [16048] [MainThread] [INFO] (monailabel.utils.others.class_utils:57) - Subclass for TaskConfig Found: <class 'lib.configs.deepedit.DeepEdit'>
[2026-05-03 11:01:06,588] [16048] [MainThread] [INFO] (monailabel.utils.others.class_utils:57) - Subclass for TaskConfig Found: <class 'lib.configs.deepgrow_2d.Deepgrow2D'>
[2026-05-03 11:01:06,590] [16048] [MainThread] [INFO] (monailabel.utils.others.class_utils:57) - Subclass for TaskConfig Found: <class 'lib.configs.deepgrow_3d.Deepgrow3D'>
[2026-05-03 11:01:06,591] [16048] [MainThread] [INFO] (monailabel.utils.others.class_utils:57) - Subclass for TaskConfig Found: <class 'lib.configs.localization_spine.LocalizationSpine'>
[2026-05-03 11:01:06,592] [16048] [MainThread] [INFO] (monailabel.utils.others.class_utils:57) - Subclass for TaskConfig Found: <class 'lib.configs.localization_vertebra.LocalizationVertebra'>
[2026-05-03 11:01:06,596] [16048] [MainThread] [INFO] (monailabel.utils.others.class_utils:57) - Subclass for TaskConfig Found: <class 'lib.configs.segmentation.Segmentation'>
[2026-05-03 11:01:06,597] [16048] [MainThread] [INFO] (monailabel.utils.others.class_utils:57) - Subclass for TaskConfig Found: <class 'lib.configs.segmentation_spleen.SegmentationSpleen'>
[2026-05-03 11:01:06,598] [16048] [MainThread] [INFO] (monailabel.utils.others.class_utils:57) - Subclass for TaskConfig Found: <class 'lib.configs.segmentation_vertebra.SegmentationVertebra'>
[2026-05-03 11:01:06,599] [16048] [MainThread] [INFO] (monailabel.utils.others.class_utils:57) - Subclass for TaskConfig Found: <class 'lib.configs.sw_fastedit.SWFastEditConfig'>
[2026-05-03 11:01:06,600] [16048] [MainThread] [INFO] (main:95) - +++ Adding Model: segmentation => lib.configs.segmentation.Segmentation
[2026-05-03 11:01:06,733] [16048] [MainThread] [INFO] (main:98) - +++ Using Models: ['segmentation']
[2026-05-03 11:01:06,734] [16048] [MainThread] [INFO] (monailabel.interfaces.app:139) - Init Datastore for: C:\Users\ELAL\Desktop\projects\Cancer-detection-AI\monai_server\dataset
[2026-05-03 11:01:06,734] [16048] [MainThread] [INFO] (monailabel.datastore.local:130) - Auto Reload: True; Extensions: ['*.nii.gz', '*.nii', '*.nrrd', '*.jpg', '*.png', '*.tif', '*.svs', '*.xml']
[2026-05-03 11:01:06,761] [16048] [MainThread] [INFO] (monailabel.datastore.local:577) - Invalidate count: 0
[2026-05-03 11:01:06,761] [16048] [MainThread] [INFO] (monailabel.datastore.local:151) - Start observing external modifications on datastore (AUTO RELOAD)
[2026-05-03 11:01:06,768] [16048] [MainThread] [INFO] (main:129) - +++ Adding Inferer:: segmentation => <lib.infers.segmentation.Segmentation object at 0x00000260C4B02650>
[2026-05-03 11:01:07,018] [16048] [MainThread] [INFO] (monailabel.sam2.infer:65) - Image Cache Initialized: C:\Users\ELAL\.cache\monailabel\sam2
[2026-05-03 11:01:07,020] [16048] [MainThread] [INFO] (timeloop:60) - Starting Timeloop..
[2026-05-03 11:01:07,021] [16048] [MainThread] [INFO] (timeloop:42) - Registered job <function ImageCache.monitor.<locals>.run_scheduler at 0x00000260C4F21510>
[2026-05-03 11:01:07,022] [16048] [MainThread] [INFO] (timeloop:63) - Timeloop now started. Jobs will run based on the interval set
[2026-05-03 11:01:07,024] [16048] [MainThread] [INFO] (main:206) - {'segmentation': <lib.infers.segmentation.Segmentation object at 0x00000260C4B02650>, 'Histogram+GraphCut': <monailabel.scribbles.infer.HistogramBasedGraphCut object at 0x00000260C4B026B0>, 'GMM+GraphCut': <monailabel.scribbles.infer.GMMBasedGraphCut object at 0x00000260C4B02680>, 'sam_2d': <monailabel.sam2.infer.Sam2InferTask object at 0x00000260C4B039A0>, 'sam_3d': <monailabel.sam2.infer.Sam2InferTask object at 0x00000260C4B032B0>}
[2026-05-03 11:01:07,024] [16048] [MainThread] [INFO] (main:221) - +++ Adding Trainer:: segmentation => <lib.trainers.segmentation.Segmentation object at 0x00000260C4E76620>
[2026-05-03 11:01:07,026] [16048] [MainThread] [INFO] (monailabel.utils.sessions:51) - Session Path: C:\Users\ELAL\.cache\monailabel\sessions
[2026-05-03 11:01:07,026] [16048] [MainThread] [INFO] (monailabel.utils.sessions:52) - Session Expiry (max): 3600
[2026-05-03 11:01:07,027] [16048] [MainThread] [INFO] (monailabel.interfaces.app:480) - App Init - completed
[2026-05-03 11:01:07,028] [16048] [MainThread] [INFO] (timeloop:60) - Starting Timeloop..
[2026-05-03 11:01:07,029] [16048] [MainThread] [INFO] (timeloop:42) - Registered job <function MONAILabelApp.on_init_complete.<locals>.run_scheduler at 0x00000260C4F21A20>
[2026-05-03 11:01:07,029] [16048] [MainThread] [INFO] (timeloop:63) - Timeloop now started. Jobs will run based on the interval set
[2026-05-03 11:01:59,870] [16048] [MainThread] [INFO] (monailabel.endpoints.activelearning:44) - Active Learning Request: {'strategy': 'random', 'client_id': 'user-xyz'}
[2026-05-03 11:01:59,871] [16048] [MainThread] [INFO] (monailabel.tasks.activelearning.random:47) - Random: Selected Image: CT_OB_2.5_MM_S102; Weight: 1777795319
[2026-05-03 11:01:59,879] [16048] [MainThread] [INFO] (monailabel.endpoints.activelearning:60) - Next sample: {'id': 'CT_OB_2.5_MM_S102', 'weight': 1777795319, 'path': 'C:\\Users\\ELAL\\Desktop\\projects\\Cancer-detection-AI\\monai_server\\dataset\\CT_OB_2.5_MM_S102.nii.gz', 'ts': 1777794562, 'name': 'CT_OB_2.5_MM_S102.nii.gz'}
[2026-05-03 11:20:56,623] [7720] [MainThread] [INFO] (monailabel.interfaces.utils.app:36) - Initializing App from: C:\Users\ELAL\Desktop\projects\Cancer-detection-AI\monai_server\radiology; studies: C:\Users\ELAL\Desktop\projects\Cancer-detection-AI\monai_server\dataset; conf: {'models': 'segmentation'}
[2026-05-03 11:20:56,745] [7720] [MainThread] [INFO] (monailabel.utils.others.class_utils:57) - Subclass for MONAILabelApp Found: <class 'main.MyApp'>
[2026-05-03 11:22:32,112] [16140] [MainThread] [INFO] (monailabel.interfaces.utils.app:36) - Initializing App from: C:\Users\ELAL\Desktop\projects\Cancer-detection-AI\monai_server\radiology; studies: C:\Users\ELAL\Desktop\projects\Cancer-detection-AI\monai_server\dataset; conf: {'models': 'segmentation'}
[2026-05-03 11:22:32,194] [16140] [MainThread] [INFO] (monailabel.utils.others.class_utils:57) - Subclass for MONAILabelApp Found: <class 'main.MyApp'>
[2026-05-03 11:22:32,536] [16140] [MainThread] [INFO] (monailabel.interfaces.app:139) - Init Datastore for: C:\Users\ELAL\Desktop\projects\Cancer-detection-AI\monai_server\dataset
[2026-05-03 11:22:32,538] [16140] [MainThread] [INFO] (monailabel.datastore.local:130) - Auto Reload: True; Extensions: ['*.nii.gz', '*.nii', '*.nrrd', '*.jpg', '*.png', '*.tif', '*.svs', '*.xml']
[2026-05-03 11:22:32,545] [16140] [MainThread] [INFO] (monailabel.datastore.local:594) - Adding New Image: 30977820_CT => 30977820_CT.nii.gz
[2026-05-03 11:22:32,545] [16140] [MainThread] [INFO] (monailabel.datastore.local:594) - Adding New Image: 30977820_PET => 30977820_PET.nii.gz
[2026-05-03 11:22:32,545] [16140] [MainThread] [INFO] (monailabel.datastore.local:594) - Adding New Image: 30984433_CT => 30984433_CT.nii.gz
[2026-05-03 11:22:32,547] [16140] [MainThread] [INFO] (monailabel.datastore.local:594) - Adding New Image: 30984433_PET => 30984433_PET.nii.gz
[2026-05-03 11:22:32,547] [16140] [MainThread] [INFO] (monailabel.datastore.local:594) - Adding New Image: 30984816_1_CT => 30984816_1_CT.nii.gz
[2026-05-03 11:22:32,548] [16140] [MainThread] [INFO] (monailabel.datastore.local:594) - Adding New Image: 30984816_1_PET => 30984816_1_PET.nii.gz
[2026-05-03 11:22:32,548] [16140] [MainThread] [INFO] (monailabel.datastore.local:594) - Adding New Image: 30984816_CT => 30984816_CT.nii.gz
[2026-05-03 11:22:32,548] [16140] [MainThread] [INFO] (monailabel.datastore.local:594) - Adding New Image: 30984816_PET => 30984816_PET.nii.gz
[2026-05-03 11:22:32,549] [16140] [MainThread] [INFO] (monailabel.datastore.local:594) - Adding New Image: 31020402_CT => 31020402_CT.nii.gz
[2026-05-03 11:22:32,549] [16140] [MainThread] [INFO] (monailabel.datastore.local:594) - Adding New Image: 31020402_PET => 31020402_PET.nii.gz
[2026-05-03 11:22:32,564] [16140] [MainThread] [INFO] (monailabel.datastore.local:577) - Invalidate count: 10
[2026-05-03 11:22:32,566] [16140] [MainThread] [INFO] (monailabel.datastore.local:151) - Start observing external modifications on datastore (AUTO RELOAD)
[2026-05-03 11:22:32,571] [16140] [MainThread] [INFO] (monailabel.utils.sessions:51) - Session Path: C:\Users\ELAL\.cache\monailabel\sessions
[2026-05-03 11:22:32,573] [16140] [MainThread] [INFO] (monailabel.utils.sessions:52) - Session Expiry (max): 3600
[2026-05-03 11:22:32,573] [16140] [MainThread] [INFO] (monailabel.interfaces.app:480) - App Init - completed
[2026-05-03 11:22:32,574] [16140] [MainThread] [INFO] (timeloop:60) - Starting Timeloop..
[2026-05-03 11:22:32,574] [16140] [MainThread] [INFO] (timeloop:42) - Registered job <function MONAILabelApp.on_init_complete.<locals>.run_scheduler at 0x0000018D9CB95750>
[2026-05-03 11:22:32,575] [16140] [MainThread] [INFO] (timeloop:63) - Timeloop now started. Jobs will run based on the interval set
[2026-05-03 11:23:54,055] [1628] [MainThread] [INFO] (monailabel.interfaces.utils.app:36) - Initializing App from: C:\Users\ELAL\Desktop\projects\Cancer-detection-AI\monai_server\radiology; studies: C:\Users\ELAL\Desktop\projects\Cancer-detection-AI\monai_server\dataset; conf: {'models': 'segmentation'}
[2026-05-03 11:23:54,160] [1628] [MainThread] [INFO] (monailabel.utils.others.class_utils:57) - Subclass for MONAILabelApp Found: <class 'main.MyApp'>
[2026-05-03 11:23:54,610] [1628] [MainThread] [INFO] (monailabel.interfaces.app:139) - Init Datastore for: C:\Users\ELAL\Desktop\projects\Cancer-detection-AI\monai_server\dataset
[2026-05-03 11:23:54,611] [1628] [MainThread] [INFO] (monailabel.datastore.local:130) - Auto Reload: True; Extensions: ['*.nii.gz', '*.nii', '*.nrrd', '*.jpg', '*.png', '*.tif', '*.svs', '*.xml']
[2026-05-03 11:23:54,643] [1628] [MainThread] [INFO] (monailabel.datastore.local:577) - Invalidate count: 0
[2026-05-03 11:23:54,643] [1628] [MainThread] [INFO] (monailabel.datastore.local:151) - Start observing external modifications on datastore (AUTO RELOAD)
[2026-05-03 11:23:54,652] [1628] [MainThread] [INFO] (monailabel.utils.sessions:51) - Session Path: C:\Users\ELAL\.cache\monailabel\sessions
[2026-05-03 11:23:54,652] [1628] [MainThread] [INFO] (monailabel.utils.sessions:52) - Session Expiry (max): 3600
[2026-05-03 11:23:54,652] [1628] [MainThread] [INFO] (monailabel.interfaces.app:480) - App Init - completed
[2026-05-03 11:23:54,654] [1628] [MainThread] [INFO] (timeloop:60) - Starting Timeloop..
[2026-05-03 11:23:54,655] [1628] [MainThread] [INFO] (timeloop:42) - Registered job <function MONAILabelApp.on_init_complete.<locals>.run_scheduler at 0x0000014007846560>
[2026-05-03 11:23:54,655] [1628] [MainThread] [INFO] (timeloop:63) - Timeloop now started. Jobs will run based on the interval set
[2026-05-03 11:31:16,359] [26200] [MainThread] [INFO] (monailabel.interfaces.utils.app:36) - Initializing App from: C:\Users\ELAL\Desktop\projects\Cancer-detection-AI\monai_server\radiology; studies: C:\Users\ELAL\Desktop\projects\Cancer-detection-AI\monai_server\dataset; conf: {'models': 'segmentation'}
[2026-05-03 11:31:16,448] [26200] [MainThread] [INFO] (monailabel.utils.others.class_utils:57) - Subclass for MONAILabelApp Found: <class 'main.MyApp'>
[2026-05-03 11:31:16,861] [26200] [MainThread] [INFO] (monailabel.interfaces.app:139) - Init Datastore for: C:\Users\ELAL\Desktop\projects\Cancer-detection-AI\monai_server\dataset
[2026-05-03 11:31:16,863] [26200] [MainThread] [INFO] (monailabel.datastore.local:130) - Auto Reload: True; Extensions: ['*.nii.gz', '*.nii', '*.nrrd', '*.jpg', '*.png', '*.tif', '*.svs', '*.xml']
[2026-05-03 11:31:16,891] [26200] [MainThread] [INFO] (monailabel.datastore.local:577) - Invalidate count: 0
[2026-05-03 11:31:16,891] [26200] [MainThread] [INFO] (monailabel.datastore.local:151) - Start observing external modifications on datastore (AUTO RELOAD)
[2026-05-03 11:31:16,900] [26200] [MainThread] [INFO] (monailabel.utils.sessions:51) - Session Path: C:\Users\ELAL\.cache\monailabel\sessions
[2026-05-03 11:31:16,900] [26200] [MainThread] [INFO] (monailabel.utils.sessions:52) - Session Expiry (max): 3600
[2026-05-03 11:31:16,901] [26200] [MainThread] [INFO] (monailabel.interfaces.app:480) - App Init - completed
[2026-05-03 11:31:16,901] [26200] [MainThread] [INFO] (timeloop:60) - Starting Timeloop..
[2026-05-03 11:31:16,903] [26200] [MainThread] [INFO] (timeloop:42) - Registered job <function MONAILabelApp.on_init_complete.<locals>.run_scheduler at 0x00000200B25C6320>
[2026-05-03 11:31:16,903] [26200] [MainThread] [INFO] (timeloop:63) - Timeloop now started. Jobs will run based on the interval set
[2026-05-03 11:32:00,741] [26200] [MainThread] [INFO] (monailabel.endpoints.activelearning:44) - Active Learning Request: {'strategy': 'random', 'client_id': 'user-xyz'}
[2026-05-03 11:32:00,744] [26200] [MainThread] [INFO] (monailabel.tasks.activelearning.random:47) - Random: Selected Image: 30984816_1_PET; Weight: 1777797120
[2026-05-03 11:32:00,750] [26200] [MainThread] [INFO] (monailabel.endpoints.activelearning:60) - Next sample: {'id': '30984816_1_PET', 'weight': 1777797120, 'path': 'C:\\Users\\ELAL\\Desktop\\projects\\Cancer-detection-AI\\monai_server\\dataset\\30984816_1_PET.nii.gz', 'ts': 1777796552, 'name': '30984816_1_PET.nii.gz'}
[2026-05-03 11:34:31,048] [26200] [MainThread] [INFO] (monailabel.endpoints.activelearning:44) - Active Learning Request: {'strategy': 'random', 'client_id': 'user-xyz'}
[2026-05-03 11:34:31,051] [26200] [MainThread] [INFO] (monailabel.tasks.activelearning.random:47) - Random: Selected Image: 30984433_CT; Weight: 1777797271
[2026-05-03 11:34:31,056] [26200] [MainThread] [INFO] (monailabel.endpoints.activelearning:60) - Next sample: {'id': '30984433_CT', 'weight': 1777797271, 'path': 'C:\\Users\\ELAL\\Desktop\\projects\\Cancer-detection-AI\\monai_server\\dataset\\30984433_CT.nii.gz', 'ts': 1777796552, 'name': '30984433_CT.nii.gz'}
[2026-05-03 14:11:14,549] [26200] [MainThread] [INFO] (monailabel.endpoints.activelearning:44) - Active Learning Request: {'strategy': 'random', 'client_id': 'user-xyz'}
[2026-05-03 14:11:14,555] [26200] [MainThread] [INFO] (monailabel.tasks.activelearning.random:47) - Random: Selected Image: 30977820_PET; Weight: 1777806674
[2026-05-03 14:11:14,563] [26200] [MainThread] [INFO] (monailabel.endpoints.activelearning:60) - Next sample: {'id': '30977820_PET', 'weight': 1777806674, 'path': 'C:\\Users\\ELAL\\Desktop\\projects\\Cancer-detection-AI\\monai_server\\dataset\\30977820_PET.nii.gz', 'ts': 1777796552, 'name': '30977820_PET.nii.gz'}
[2026-05-03 14:23:33,036] [26200] [MainThread] [INFO] (monailabel.endpoints.activelearning:44) - Active Learning Request: {'strategy': 'random', 'client_id': 'user-xyz'}
[2026-05-03 14:23:33,042] [26200] [MainThread] [INFO] (monailabel.tasks.activelearning.random:47) - Random: Selected Image: 31020402_CT; Weight: 1777807413
[2026-05-03 14:23:33,057] [26200] [MainThread] [INFO] (monailabel.endpoints.activelearning:60) - Next sample: {'id': '31020402_CT', 'weight': 1777807413, 'path': 'C:\\Users\\ELAL\\Desktop\\projects\\Cancer-detection-AI\\monai_server\\dataset\\31020402_CT.nii.gz', 'ts': 1777796552, 'name': '31020402_CT.nii.gz'}
[2026-05-03 14:24:16,597] [26200] [MainThread] [ERROR] (monailabel.endpoints.datastore:138) - Image NOT Found or is a directory: 
[2026-05-03 14:33:05,075] [21680] [MainThread] [INFO] (monailabel.interfaces.utils.app:36) - Initializing App from: C:\Users\ELAL\Desktop\projects\Cancer-detection-AI\monai_server\radiology; studies: C:\Users\ELAL\Desktop\projects\Cancer-detection-AI\monai_server\dataset; conf: {'models': 'segmentation'}
[2026-05-03 14:35:39,545] [25480] [MainThread] [INFO] (monailabel.interfaces.utils.app:36) - Initializing App from: C:\Users\ELAL\Desktop\projects\Cancer-detection-AI\monai_server\radiology; studies: C:\Users\ELAL\Desktop\projects\Cancer-detection-AI\monai_server\dataset; conf: {'models': 'segmentation'}
[2026-05-03 14:35:39,686] [25480] [MainThread] [INFO] (monailabel.utils.others.class_utils:57) - Subclass for MONAILabelApp Found: <class 'main.MyApp'>
[2026-05-03 14:35:40,171] [25480] [MainThread] [INFO] (monailabel.interfaces.app:139) - Init Datastore for: C:\Users\ELAL\Desktop\projects\Cancer-detection-AI\monai_server\dataset
[2026-05-03 14:35:40,173] [25480] [MainThread] [INFO] (monailabel.datastore.local:130) - Auto Reload: True; Extensions: ['*.nii.gz', '*.nii', '*.nrrd', '*.jpg', '*.png', '*.tif', '*.svs', '*.xml']
[2026-05-03 14:35:40,207] [25480] [MainThread] [INFO] (monailabel.datastore.local:577) - Invalidate count: 0
[2026-05-03 14:35:40,208] [25480] [MainThread] [INFO] (monailabel.datastore.local:151) - Start observing external modifications on datastore (AUTO RELOAD)
[2026-05-03 14:35:40,217] [25480] [MainThread] [INFO] (monailabel.utils.sessions:51) - Session Path: C:\Users\ELAL\.cache\monailabel\sessions
[2026-05-03 14:35:40,218] [25480] [MainThread] [INFO] (monailabel.utils.sessions:52) - Session Expiry (max): 3600
[2026-05-03 14:35:40,218] [25480] [MainThread] [INFO] (monailabel.interfaces.app:480) - App Init - completed
[2026-05-03 14:35:40,220] [25480] [MainThread] [INFO] (timeloop:60) - Starting Timeloop..
[2026-05-03 14:35:40,221] [25480] [MainThread] [INFO] (timeloop:42) - Registered job <function MONAILabelApp.on_init_complete.<locals>.run_scheduler at 0x000001F903A46560>
[2026-05-03 14:35:40,221] [25480] [MainThread] [INFO] (timeloop:63) - Timeloop now started. Jobs will run based on the interval set
[2026-05-03 14:37:12,611] [25480] [MainThread] [INFO] (monailabel.endpoints.activelearning:44) - Active Learning Request: {'strategy': 'random', 'client_id': 'user-xyz'}
[2026-05-03 14:37:12,621] [25480] [MainThread] [INFO] (monailabel.endpoints.activelearning:60) - Next sample: {'id': '30977820_CT', 'path': 'C:\\Users\\ELAL\\Desktop\\projects\\Cancer-detection-AI\\monai_server\\dataset\\30977820_CT.nii.gz', 'ts': 1777796552, 'name': '30977820_CT.nii.gz'}
[2026-05-03 15:19:33,584] [1128] [MainThread] [INFO] (monailabel.interfaces.utils.app:36) - Initializing App from: C:\Users\ELAL\Desktop\projects\Cancer-detection-AI\monai_server\radiology; studies: C:\Users\ELAL\Desktop\projects\Cancer-detection-AI\monai_server\dataset; conf: {'models': 'segmentation'}
[2026-05-03 15:19:33,734] [1128] [MainThread] [INFO] (monailabel.utils.others.class_utils:57) - Subclass for MONAILabelApp Found: <class 'main.MyApp'>
[2026-05-03 15:19:34,298] [1128] [MainThread] [INFO] (monailabel.interfaces.app:139) - Init Datastore for: C:\Users\ELAL\Desktop\projects\Cancer-detection-AI\monai_server\dataset
[2026-05-03 15:19:34,299] [1128] [MainThread] [INFO] (monailabel.datastore.local:130) - Auto Reload: True; Extensions: ['*.nii.gz', '*.nii', '*.nrrd', '*.jpg', '*.png', '*.tif', '*.svs', '*.xml']
[2026-05-03 15:19:34,356] [1128] [MainThread] [INFO] (monailabel.datastore.local:577) - Invalidate count: 0
[2026-05-03 15:19:34,357] [1128] [MainThread] [INFO] (monailabel.datastore.local:151) - Start observing external modifications on datastore (AUTO RELOAD)
[2026-05-03 15:19:34,368] [1128] [MainThread] [INFO] (monailabel.utils.sessions:51) - Session Path: C:\Users\ELAL\.cache\monailabel\sessions
[2026-05-03 15:19:34,369] [1128] [MainThread] [INFO] (monailabel.utils.sessions:52) - Session Expiry (max): 3600
[2026-05-03 15:19:34,369] [1128] [MainThread] [INFO] (monailabel.interfaces.app:480) - App Init - completed
[2026-05-03 15:19:34,370] [1128] [MainThread] [INFO] (timeloop:60) - Starting Timeloop..
[2026-05-03 15:19:34,371] [1128] [MainThread] [INFO] (timeloop:42) - Registered job <function MONAILabelApp.on_init_complete.<locals>.run_scheduler at 0x0000029A763765F0>
[2026-05-03 15:19:34,372] [1128] [MainThread] [INFO] (timeloop:63) - Timeloop now started. Jobs will run based on the interval set
[2026-05-03 15:20:00,503] [1128] [MainThread] [INFO] (monailabel.endpoints.activelearning:44) - Active Learning Request: {'strategy': 'random', 'client_id': 'user-xyz'}
[2026-05-03 15:20:00,510] [1128] [MainThread] [INFO] (monailabel.endpoints.activelearning:60) - Next sample: {'id': '30984816_CT', 'path': 'C:\\Users\\ELAL\\Desktop\\projects\\Cancer-detection-AI\\monai_server\\dataset\\30984816_CT.nii.gz', 'ts': 1777796552, 'name': '30984816_CT.nii.gz'}
[2026-05-04 12:22:22,025] [20928] [MainThread] [INFO] (monailabel.interfaces.utils.app:36) - Initializing App from: C:\Users\ELAL\Desktop\projects\Cancer-detection-AI\monai_server\radiology; studies: C:\Users\ELAL\Desktop\projects\Cancer-detection-AI\monai_server\dataset; conf: {'models': 'segmentation'}
[2026-05-04 12:22:22,142] [20928] [MainThread] [INFO] (monailabel.utils.others.class_utils:57) - Subclass for MONAILabelApp Found: <class 'main.MyApp'>
[2026-05-04 12:22:22,607] [20928] [MainThread] [INFO] (monailabel.interfaces.app:139) - Init Datastore for: C:\Users\ELAL\Desktop\projects\Cancer-detection-AI\monai_server\dataset
[2026-05-04 12:22:22,608] [20928] [MainThread] [INFO] (monailabel.datastore.local:130) - Auto Reload: True; Extensions: ['*.nii.gz', '*.nii', '*.nrrd', '*.jpg', '*.png', '*.tif', '*.svs', '*.xml']
[2026-05-04 12:22:22,638] [20928] [MainThread] [INFO] (monailabel.datastore.local:577) - Invalidate count: 0
[2026-05-04 12:22:22,639] [20928] [MainThread] [INFO] (monailabel.datastore.local:151) - Start observing external modifications on datastore (AUTO RELOAD)
[2026-05-04 12:22:22,645] [20928] [MainThread] [INFO] (monailabel.utils.sessions:51) - Session Path: C:\Users\ELAL\.cache\monailabel\sessions
[2026-05-04 12:22:22,645] [20928] [MainThread] [INFO] (monailabel.utils.sessions:52) - Session Expiry (max): 3600
[2026-05-04 12:22:22,646] [20928] [MainThread] [INFO] (monailabel.interfaces.app:480) - App Init - completed
[2026-05-04 12:22:22,646] [20928] [MainThread] [INFO] (timeloop:60) - Starting Timeloop..
[2026-05-04 12:22:22,648] [20928] [MainThread] [INFO] (timeloop:42) - Registered job <function MONAILabelApp.on_init_complete.<locals>.run_scheduler at 0x0000023DEFD065F0>
[2026-05-04 12:22:22,648] [20928] [MainThread] [INFO] (timeloop:63) - Timeloop now started. Jobs will run based on the interval set
[2026-05-04 12:23:26,554] [20928] [MainThread] [INFO] (monailabel.endpoints.activelearning:44) - Active Learning Request: {'strategy': 'random', 'client_id': 'user-xyz'}
[2026-05-04 12:23:26,562] [20928] [MainThread] [INFO] (monailabel.endpoints.activelearning:60) - Next sample: {'id': '31020402_CT', 'path': 'C:\\Users\\ELAL\\Desktop\\projects\\Cancer-detection-AI\\monai_server\\dataset\\31020402_CT.nii.gz', 'ts': 1777796552, 'name': '31020402_CT.nii.gz', 'strategy': {'random': {'ts': 1777886606, 'client_id': 'user-xyz'}}}
